# JRE version: OpenJDK Runtime Environment (11.0.12+7) (build 11.0.12+7-b1504.28-7817840)
# Java VM: OpenJDK 64-Bit Server VM (11.0.12+7-b1504.28-7817840, mixed mode, tiered, compressed oops, g1 gc, windows-amd64)
Heap:
 garbage-first heap   total 650240K, used 192512K [0x0000000080000000, 0x0000000100000000)
  region size 1024K, 1 young (1024K), 1 survivors (1024K)
 Metaspace       used 138380K, capacity 141726K, committed 141824K, reserved 1173504K
  class space    used 17116K, capacity 18354K, committed 18432K, reserved 1048576K
GC Heap History (20 events):
Event: 4464.150 GC heap after
{Heap after GC invocations=199 (full 0):
 garbage-first heap   total 407552K, used 167563K [0x0000000080000000, 0x0000000100000000)
  region size 1024K, 2 young (2048K), 2 survivors (2048K)
 Metaspace       used 117005K, capacity 119861K, committed 120960K, reserved 1155072K
  class space    used 14645K, capacity 15675K, committed 16000K, reserved 1048576K
}
Event: 4464.518 GC heap before
{Heap before GC invocations=199 (full 0):
 garbage-first heap   total 407552K, used 185995K [0x0000000080000000, 0x0000000100000000)
  region size 1024K, 20 young (20480K), 2 survivors (2048K)
 Metaspace       used 117078K, capacity 119943K, committed 120960K, reserved 1155072K
  class space    used 14651K, capacity 15679K, committed 16000K, reserved 1048576K
}
Event: 4464.671 GC heap after
{Heap after GC invocations=200 (full 0):
 garbage-first heap   total 407552K, used 171648K [0x0000000080000000, 0x0000000100000000)
  region size 1024K, 3 young (3072K), 3 survivors (3072K)
 Metaspace       used 117078K, capacity 119943K, committed 120960K, reserved 1155072K
  class space    used 14651K, capacity 15679K, committed 16000K, reserved 1048576K
}
Event: 4467.000 GC heap before
{Heap before GC invocations=200 (full 0):
 garbage-first heap   total 407552K, used 188032K [0x0000000080000000, 0x0000000100000000)
  region size 1024K, 20 young (20480K), 3 survivors (3072K)
 Metaspace       used 119226K, capacity 122053K, committed 123136K, reserved 1157120K
  class space    used 14799K, capacity 15840K, committed 16128K, reserved 1048576K
}
Event: 4467.116 GC heap after
{Heap after GC invocations=201 (full 0):
 garbage-first heap   total 407552K, used 174813K [0x0000000080000000, 0x0000000100000000)
  region size 1024K, 3 young (3072K), 3 survivors (3072K)
 Metaspace       used 119226K, capacity 122053K, committed 123136K, reserved 1157120K
  class space    used 14799K, capacity 15840K, committed 16128K, reserved 1048576K
}
Event: 4469.202 GC heap before
{Heap before GC invocations=201 (full 0):
 garbage-first heap   total 407552K, used 193245K [0x0000000080000000, 0x0000000100000000)
  region size 1024K, 22 young (22528K), 3 survivors (3072K)
 Metaspace       used 120721K, capacity 123640K, committed 124544K, reserved 1157120K
  class space    used 14928K, capacity 16006K, committed 16256K, reserved 1048576K
}
Event: 4469.211 GC heap after
{Heap after GC invocations=202 (full 0):
 garbage-first heap   total 407552K, used 173321K [0x0000000080000000, 0x0000000100000000)
  region size 1024K, 1 young (1024K), 1 survivors (1024K)
 Metaspace       used 120721K, capacity 123640K, committed 124544K, reserved 1157120K
  class space    used 14928K, capacity 16006K, committed 16256K, reserved 1048576K
}
Event: 4471.827 GC heap before
{Heap before GC invocations=202 (full 0):
 garbage-first heap   total 407552K, used 199945K [0x0000000080000000, 0x0000000100000000)
  region size 1024K, 28 young (28672K), 1 survivors (1024K)
 Metaspace       used 121481K, capacity 124362K, committed 125184K, reserved 1159168K
  class space    used 15006K, capacity 16110K, committed 16384K, reserved 1048576K
}
Event: 4471.835 GC heap after
{Heap after GC invocations=203 (full 0):
 garbage-first heap   total 407552K, used 173394K [0x0000000080000000, 0x0000000100000000)
  region size 1024K, 1 young (1024K), 1 survivors (1024K)
 Metaspace       used 121481K, capacity 124362K, committed 125184K, reserved 1159168K
  class space    used 15006K, capacity 16110K, committed 16384K, reserved 1048576K
}
Event: 4477.306 GC heap before
{Heap before GC invocations=203 (full 0):
 garbage-first heap   total 407552K, used 210258K [0x0000000080000000, 0x0000000100000000)
  region size 1024K, 38 young (38912K), 1 survivors (1024K)
 Metaspace       used 122383K, capacity 125368K, committed 126208K, reserved 1159168K
  class space    used 15085K, capacity 16193K, committed 16384K, reserved 1048576K
}
Event: 4477.320 GC heap after
{Heap after GC invocations=204 (full 0):
 garbage-first heap   total 407552K, used 174444K [0x0000000080000000, 0x0000000100000000)
  region size 1024K, 2 young (2048K), 2 survivors (2048K)
 Metaspace       used 122383K, capacity 125368K, committed 126208K, reserved 1159168K
  class space    used 15085K, capacity 16193K, committed 16384K, reserved 1048576K
}
Event: 4480.995 GC heap before
{Heap before GC invocations=204 (full 0):
 garbage-first heap   total 407552K, used 223596K [0x0000000080000000, 0x0000000100000000)
  region size 1024K, 50 young (51200K), 2 survivors (2048K)
 Metaspace       used 125541K, capacity 128612K, committed 129408K, reserved 1161216K
  class space    used 15507K, capacity 16591K, committed 16768K, reserved 1048576K
}
Event: 4481.018 GC heap after
{Heap after GC invocations=205 (full 0):
 garbage-first heap   total 407552K, used 175053K [0x0000000080000000, 0x0000000100000000)
  region size 1024K, 3 young (3072K), 3 survivors (3072K)
 Metaspace       used 125541K, capacity 128612K, committed 129408K, reserved 1161216K
  class space    used 15507K, capacity 16591K, committed 16768K, reserved 1048576K
}
Event: 4487.499 GC heap before
{Heap before GC invocations=205 (full 0):
 garbage-first heap   total 407552K, used 231373K [0x0000000080000000, 0x0000000100000000)
  region size 1024K, 59 young (60416K), 3 survivors (3072K)
 Metaspace       used 126921K, capacity 129929K, committed 130560K, reserved 1163264K
  class space    used 15641K, capacity 16728K, committed 16896K, reserved 1048576K
}
Event: 4487.533 GC heap after
{Heap after GC invocations=206 (full 0):
 garbage-first heap   total 407552K, used 178922K [0x0000000080000000, 0x0000000100000000)
  region size 1024K, 7 young (7168K), 7 survivors (7168K)
 Metaspace       used 126921K, capacity 129929K, committed 130560K, reserved 1163264K
  class space    used 15641K, capacity 16728K, committed 16896K, reserved 1048576K
}
Event: 4491.979 GC heap before
{Heap before GC invocations=206 (full 0):
 garbage-first heap   total 407552K, used 255722K [0x0000000080000000, 0x0000000100000000)
  region size 1024K, 83 young (84992K), 7 survivors (7168K)
 Metaspace       used 132722K, capacity 135799K, committed 136192K, reserved 1167360K
  class space    used 16396K, capacity 17531K, committed 17664K, reserved 1048576K
}
Event: 4492.378 GC heap after
{Heap after GC invocations=207 (full 0):
 garbage-first heap   total 407552K, used 187218K [0x0000000080000000, 0x0000000100000000)
  region size 1024K, 11 young (11264K), 11 survivors (11264K)
 Metaspace       used 132722K, capacity 135799K, committed 136192K, reserved 1167360K
  class space    used 16396K, capacity 17531K, committed 17664K, reserved 1048576K
}
Event: 4494.498 GC heap before
{Heap before GC invocations=207 (full 0):
 garbage-first heap   total 407552K, used 235346K [0x0000000080000000, 0x0000000100000000)
  region size 1024K, 58 young (59392K), 11 survivors (11264K)
 Metaspace       used 136254K, capacity 139571K, committed 139904K, reserved 1171456K
  class space    used 16972K, capacity 18188K, committed 18304K, reserved 1048576K
}
Event: 4494.772 GC heap after
{Heap after GC invocations=208 (full 0):
 garbage-first heap   total 407552K, used 191712K [0x0000000080000000, 0x0000000100000000)
  region size 1024K, 6 young (6144K), 6 survivors (6144K)
 Metaspace       used 136254K, capacity 139571K, committed 139904K, reserved 1171456K
  class space    used 16972K, capacity 18188K, committed 18304K, reserved 1048576K
}
Event: 4498.112 GC heap before
{Heap before GC invocations=208 (full 0):
 garbage-first heap   total 407552K, used 240864K [0x0000000080000000, 0x0000000100000000)
  region size 1024K, 54 young (55296K), 6 survivors (6144K)
 Metaspace       used 138380K, capacity 141726K, committed 141824K, reserved 1173504K
  class space    used 17116K, capacity 18354K, committed 18432K, reserved 1048576K
}

